<?xml version="1.0" encoding="UTF-8"?>
<!-- Generated by org.testng.reporters.JUnitReportReporter -->
<testsuite skipped="0" hostname="01HW1615721" name="NewTest" tests="3" failures="0" timestamp="2020-12-27T19:10:49 IST" time="44.099" errors="0">
  <testcase name="login" time="3.774" classname="NewTest"/>
  <system-out/>
  <testcase name="upload" time="40.021" classname="NewTest"/>
  <system-out/>
  <testcase name="submit" time="0.304" classname="NewTest"/>
  <system-out/>
</testsuite> <!-- NewTest -->
